c:\users\administrator\desktop\wagestax\debug\vc142.pdb
c:\users\administrator\desktop\wagestax\debug\wagestax.obj
c:\users\administrator\desktop\wagestax\debug\taxcalccenter.obj
c:\users\administrator\desktop\wagestax\debug\sqlmanager.obj
c:\users\administrator\desktop\wagestax\debug\main.obj
c:\users\administrator\desktop\wagestax\debug\logindialog.obj
c:\users\administrator\desktop\wagestax\debug\moc_wagestax.obj
c:\users\administrator\desktop\wagestax\debug\moc_logindialog.obj
c:\users\administrator\desktop\wagestax\debug\moc_predefs.h
c:\users\administrator\desktop\wagestax\debug\wagestax.exe
c:\users\administrator\desktop\wagestax\debug\wagestax.ilk
c:\users\administrator\desktop\wagestax\debug\wagestax.pdb
c:\users\administrator\desktop\wagestax\debug\moc_logindialog.cpp
c:\users\administrator\desktop\wagestax\ui_wagestax.h
c:\users\administrator\desktop\wagestax\ui_logindialog.h
c:\users\administrator\desktop\wagestax\debug\moc_wagestax.cpp
c:\users\administrator\desktop\wagestax\debug\wagestax.tlog\cl.command.1.tlog
c:\users\administrator\desktop\wagestax\debug\wagestax.tlog\cl.read.1.tlog
c:\users\administrator\desktop\wagestax\debug\wagestax.tlog\cl.write.1.tlog
c:\users\administrator\desktop\wagestax\debug\wagestax.tlog\custombuild.command.1.tlog
c:\users\administrator\desktop\wagestax\debug\wagestax.tlog\custombuild.read.1.tlog
c:\users\administrator\desktop\wagestax\debug\wagestax.tlog\custombuild.write.1.tlog
c:\users\administrator\desktop\wagestax\debug\wagestax.tlog\link.command.1.tlog
c:\users\administrator\desktop\wagestax\debug\wagestax.tlog\link.read.1.tlog
c:\users\administrator\desktop\wagestax\debug\wagestax.tlog\link.write.1.tlog
c:\users\administrator\desktop\wagestax\debug\wagestax.tlog\moc.read.1u.tlog
c:\users\administrator\desktop\wagestax\debug\wagestax.tlog\moc.write.1u.tlog
c:\users\administrator\desktop\wagestax\debug\wagestax.tlog\uic.read.1u.tlog
c:\users\administrator\desktop\wagestax\debug\wagestax.tlog\uic.write.1u.tlog
c:\users\administrator\desktop\wagestax\debug\wagestax.tlog\wagestax.write.1u.tlog
